# JRE version: OpenJDK Runtime Environment (21.0.1+12) (build 21.0.1+12-29)
# Java VM: OpenJDK 64-Bit Server VM (21.0.1+12-29, mixed mode, sharing, tiered, compressed oops, compressed class ptrs, g1 gc, windows-amd64)
GC Precious Log:
 CardTable entry size: 512
 Card Set container configuration: InlinePtr #cards 5 size 8 Array Of Cards #cards 12 size 40 Howl #buckets 4 coarsen threshold 1843 Howl Bitmap #cards 512 size 80 coarsen threshold 460 Card regions per heap region 1 cards per card region 2048
 CPUs: 8 total, 8 available
 Memory: 7873M
 Large Page Support: Disabled
 NUMA Support: Disabled
 Compressed Oops: Enabled (32-bit)
 Heap Region Size: 1M
 Heap Min Capacity: 8M
 Heap Initial Capacity: 124M
 Heap Max Capacity: 1970M
 Pre-touch: Disabled
 Parallel Workers: 8
 Concurrent Workers: 2
 Concurrent Refinement Workers: 8
 Periodic GC: Disabled
Heap:
 garbage-first heap   total 91136K, used 81247K [0x0000000084e00000, 0x0000000100000000)
  region size 1024K, 41 young (41984K), 1 survivors (1024K)
 Metaspace       used 76818K, committed 77696K, reserved 1179648K
  class space    used 10216K, committed 10624K, reserved 1048576K
GC Heap History (20 events):
Event: 14.193 GC heap before
{Heap before GC invocations=13 (full 0):
 garbage-first heap   total 75776K, used 63586K [0x0000000084e00000, 0x0000000100000000)
  region size 1024K, 34 young (34816K), 5 survivors (5120K)
 Metaspace       used 63212K, committed 63808K, reserved 1114112K
  class space    used 8766K, committed 9024K, reserved 1048576K
}
Event: 14.198 GC heap after
{Heap after GC invocations=14 (full 0):
 garbage-first heap   total 75776K, used 36067K [0x0000000084e00000, 0x0000000100000000)
  region size 1024K, 4 young (4096K), 4 survivors (4096K)
 Metaspace       used 63212K, committed 63808K, reserved 1114112K
  class space    used 8766K, committed 9024K, reserved 1048576K
}
Event: 14.719 GC heap before
{Heap before GC invocations=14 (full 0):
 garbage-first heap   total 75776K, used 65763K [0x0000000084e00000, 0x0000000100000000)
  region size 1024K, 33 young (33792K), 4 survivors (4096K)
 Metaspace       used 64066K, committed 64704K, reserved 1114112K
  class space    used 8866K, committed 9152K, reserved 1048576K
}
Event: 14.723 GC heap after
{Heap after GC invocations=15 (full 0):
 garbage-first heap   total 75776K, used 36376K [0x0000000084e00000, 0x0000000100000000)
  region size 1024K, 2 young (2048K), 2 survivors (2048K)
 Metaspace       used 64066K, committed 64704K, reserved 1114112K
  class space    used 8866K, committed 9152K, reserved 1048576K
}
Event: 16.112 GC heap before
{Heap before GC invocations=15 (full 0):
 garbage-first heap   total 75776K, used 68120K [0x0000000084e00000, 0x0000000100000000)
  region size 1024K, 33 young (33792K), 2 survivors (2048K)
 Metaspace       used 68380K, committed 69120K, reserved 1114112K
  class space    used 9429K, committed 9728K, reserved 1048576K
}
Event: 16.118 GC heap after
{Heap after GC invocations=16 (full 0):
 garbage-first heap   total 75776K, used 39365K [0x0000000084e00000, 0x0000000100000000)
  region size 1024K, 5 young (5120K), 5 survivors (5120K)
 Metaspace       used 68380K, committed 69120K, reserved 1114112K
  class space    used 9429K, committed 9728K, reserved 1048576K
}
Event: 16.871 GC heap before
{Heap before GC invocations=17 (full 0):
 garbage-first heap   total 75776K, used 64965K [0x0000000084e00000, 0x0000000100000000)
  region size 1024K, 30 young (30720K), 5 survivors (5120K)
 Metaspace       used 72076K, committed 72896K, reserved 1114112K
  class space    used 9981K, committed 10368K, reserved 1048576K
}
Event: 16.880 GC heap after
{Heap after GC invocations=18 (full 0):
 garbage-first heap   total 75776K, used 41450K [0x0000000084e00000, 0x0000000100000000)
  region size 1024K, 3 young (3072K), 3 survivors (3072K)
 Metaspace       used 72076K, committed 72896K, reserved 1114112K
  class space    used 9981K, committed 10368K, reserved 1048576K
}
Event: 17.669 GC heap before
{Heap before GC invocations=18 (full 0):
 garbage-first heap   total 75776K, used 67050K [0x0000000084e00000, 0x0000000100000000)
  region size 1024K, 28 young (28672K), 3 survivors (3072K)
 Metaspace       used 74111K, committed 75008K, reserved 1114112K
  class space    used 10211K, committed 10624K, reserved 1048576K
}
Event: 17.675 GC heap after
{Heap after GC invocations=19 (full 0):
 garbage-first heap   total 91136K, used 41984K [0x0000000084e00000, 0x0000000100000000)
  region size 1024K, 1 young (1024K), 1 survivors (1024K)
 Metaspace       used 74111K, committed 75008K, reserved 1114112K
  class space    used 10211K, committed 10624K, reserved 1048576K
}
Event: 19.015 GC heap before
{Heap before GC invocations=19 (full 0):
 garbage-first heap   total 91136K, used 80896K [0x0000000084e00000, 0x0000000100000000)
  region size 1024K, 39 young (39936K), 1 survivors (1024K)
 Metaspace       used 75377K, committed 76288K, reserved 1179648K
  class space    used 10215K, committed 10624K, reserved 1048576K
}
Event: 19.019 GC heap after
{Heap after GC invocations=20 (full 0):
 garbage-first heap   total 91136K, used 41729K [0x0000000084e00000, 0x0000000100000000)
  region size 1024K, 1 young (1024K), 1 survivors (1024K)
 Metaspace       used 75377K, committed 76288K, reserved 1179648K
  class space    used 10215K, committed 10624K, reserved 1048576K
}
Event: 19.960 GC heap before
{Heap before GC invocations=21 (full 0):
 garbage-first heap   total 91136K, used 82689K [0x0000000084e00000, 0x0000000100000000)
  region size 1024K, 41 young (41984K), 1 survivors (1024K)
 Metaspace       used 75842K, committed 76736K, reserved 1179648K
  class space    used 10215K, committed 10624K, reserved 1048576K
}
Event: 19.966 GC heap after
{Heap after GC invocations=22 (full 0):
 garbage-first heap   total 91136K, used 41772K [0x0000000084e00000, 0x0000000100000000)
  region size 1024K, 1 young (1024K), 1 survivors (1024K)
 Metaspace       used 75842K, committed 76736K, reserved 1179648K
  class space    used 10215K, committed 10624K, reserved 1048576K
}
Event: 20.904 GC heap before
{Heap before GC invocations=22 (full 0):
 garbage-first heap   total 91136K, used 83756K [0x0000000084e00000, 0x0000000100000000)
  region size 1024K, 42 young (43008K), 1 survivors (1024K)
 Metaspace       used 76299K, committed 77184K, reserved 1179648K
  class space    used 10215K, committed 10624K, reserved 1048576K
}
Event: 20.912 GC heap after
{Heap after GC invocations=23 (full 0):
 garbage-first heap   total 91136K, used 41341K [0x0000000084e00000, 0x0000000100000000)
  region size 1024K, 1 young (1024K), 1 survivors (1024K)
 Metaspace       used 76299K, committed 77184K, reserved 1179648K
  class space    used 10215K, committed 10624K, reserved 1048576K
}
Event: 21.806 GC heap before
{Heap before GC invocations=23 (full 0):
 garbage-first heap   total 91136K, used 84349K [0x0000000084e00000, 0x0000000100000000)
  region size 1024K, 43 young (44032K), 1 survivors (1024K)
 Metaspace       used 76562K, committed 77440K, reserved 1179648K
  class space    used 10216K, committed 10624K, reserved 1048576K
}
Event: 21.814 GC heap after
{Heap after GC invocations=24 (full 0):
 garbage-first heap   total 91136K, used 41316K [0x0000000084e00000, 0x0000000100000000)
  region size 1024K, 1 young (1024K), 1 survivors (1024K)
 Metaspace       used 76562K, committed 77440K, reserved 1179648K
  class space    used 10216K, committed 10624K, reserved 1048576K
}
Event: 23.009 GC heap before
{Heap before GC invocations=25 (full 0):
 garbage-first heap   total 91136K, used 84324K [0x0000000084e00000, 0x0000000100000000)
  region size 1024K, 43 young (44032K), 1 survivors (1024K)
 Metaspace       used 76645K, committed 77504K, reserved 1179648K
  class space    used 10216K, committed 10624K, reserved 1048576K
}
Event: 23.015 GC heap after
{Heap after GC invocations=26 (full 0):
 garbage-first heap   total 91136K, used 41311K [0x0000000084e00000, 0x0000000100000000)
  region size 1024K, 1 young (1024K), 1 survivors (1024K)
 Metaspace       used 76645K, committed 77504K, reserved 1179648K
  class space    used 10216K, committed 10624K, reserved 1048576K
}

