# JRE version: OpenJDK Runtime Environment (21.0.1+12) (build 21.0.1+12-29)
# Java VM: OpenJDK 64-Bit Server VM (21.0.1+12-29, mixed mode, sharing, tiered, compressed oops, compressed class ptrs, g1 gc, windows-amd64)
GC Precious Log:
 CardTable entry size: 512
 Card Set container configuration: InlinePtr #cards 5 size 8 Array Of Cards #cards 12 size 40 Howl #buckets 4 coarsen threshold 1843 Howl Bitmap #cards 512 size 80 coarsen threshold 460 Card regions per heap region 1 cards per card region 2048
 CPUs: 8 total, 8 available
 Memory: 7873M
 Large Page Support: Disabled
 NUMA Support: Disabled
 Compressed Oops: Enabled (32-bit)
 Heap Region Size: 1M
 Heap Min Capacity: 8M
 Heap Initial Capacity: 124M
 Heap Max Capacity: 1970M
 Pre-touch: Disabled
 Parallel Workers: 8
 Concurrent Workers: 2
 Concurrent Refinement Workers: 8
 Periodic GC: Disabled
Heap:
 garbage-first heap   total 101376K, used 46672K [0x0000000084e00000, 0x0000000100000000)
  region size 1024K, 8 young (8192K), 1 survivors (1024K)
 Metaspace       used 76927K, committed 77760K, reserved 1179648K
  class space    used 10230K, committed 10624K, reserved 1048576K
GC Heap History (20 events):
Event: 50.035 GC heap before
{Heap before GC invocations=35 (full 0):
 garbage-first heap   total 101376K, used 93914K [0x0000000084e00000, 0x0000000100000000)
  region size 1024K, 53 young (54272K), 1 survivors (1024K)
 Metaspace       used 76933K, committed 77760K, reserved 1179648K
  class space    used 10234K, committed 10624K, reserved 1048576K
}
Event: 50.042 GC heap after
{Heap after GC invocations=36 (full 0):
 garbage-first heap   total 101376K, used 40709K [0x0000000084e00000, 0x0000000100000000)
  region size 1024K, 1 young (1024K), 1 survivors (1024K)
 Metaspace       used 76933K, committed 77760K, reserved 1179648K
  class space    used 10234K, committed 10624K, reserved 1048576K
}
Event: 52.183 GC heap before
{Heap before GC invocations=36 (full 0):
 garbage-first heap   total 101376K, used 92933K [0x0000000084e00000, 0x0000000100000000)
  region size 1024K, 52 young (53248K), 1 survivors (1024K)
 Metaspace       used 76934K, committed 77760K, reserved 1179648K
  class space    used 10234K, committed 10624K, reserved 1048576K
}
Event: 52.187 GC heap after
{Heap after GC invocations=37 (full 0):
 garbage-first heap   total 101376K, used 40515K [0x0000000084e00000, 0x0000000100000000)
  region size 1024K, 1 young (1024K), 1 survivors (1024K)
 Metaspace       used 76934K, committed 77760K, reserved 1179648K
  class space    used 10234K, committed 10624K, reserved 1048576K
}
Event: 53.429 GC heap before
{Heap before GC invocations=37 (full 0):
 garbage-first heap   total 101376K, used 92739K [0x0000000084e00000, 0x0000000100000000)
  region size 1024K, 52 young (53248K), 1 survivors (1024K)
 Metaspace       used 76934K, committed 77760K, reserved 1179648K
  class space    used 10234K, committed 10624K, reserved 1048576K
}
Event: 53.432 GC heap after
{Heap after GC invocations=38 (full 0):
 garbage-first heap   total 101376K, used 40607K [0x0000000084e00000, 0x0000000100000000)
  region size 1024K, 1 young (1024K), 1 survivors (1024K)
 Metaspace       used 76934K, committed 77760K, reserved 1179648K
  class space    used 10234K, committed 10624K, reserved 1048576K
}
Event: 55.304 GC heap before
{Heap before GC invocations=39 (full 0):
 garbage-first heap   total 101376K, used 92831K [0x0000000084e00000, 0x0000000100000000)
  region size 1024K, 52 young (53248K), 1 survivors (1024K)
 Metaspace       used 76918K, committed 77760K, reserved 1179648K
  class space    used 10230K, committed 10624K, reserved 1048576K
}
Event: 55.306 GC heap after
{Heap after GC invocations=40 (full 0):
 garbage-first heap   total 101376K, used 40622K [0x0000000084e00000, 0x0000000100000000)
  region size 1024K, 1 young (1024K), 1 survivors (1024K)
 Metaspace       used 76918K, committed 77760K, reserved 1179648K
  class space    used 10230K, committed 10624K, reserved 1048576K
}
Event: 57.089 GC heap before
{Heap before GC invocations=40 (full 0):
 garbage-first heap   total 101376K, used 92846K [0x0000000084e00000, 0x0000000100000000)
  region size 1024K, 52 young (53248K), 1 survivors (1024K)
 Metaspace       used 76918K, committed 77760K, reserved 1179648K
  class space    used 10230K, committed 10624K, reserved 1048576K
}
Event: 57.095 GC heap after
{Heap after GC invocations=41 (full 0):
 garbage-first heap   total 101376K, used 40505K [0x0000000084e00000, 0x0000000100000000)
  region size 1024K, 1 young (1024K), 1 survivors (1024K)
 Metaspace       used 76918K, committed 77760K, reserved 1179648K
  class space    used 10230K, committed 10624K, reserved 1048576K
}
Event: 59.081 GC heap before
{Heap before GC invocations=41 (full 0):
 garbage-first heap   total 101376K, used 92729K [0x0000000084e00000, 0x0000000100000000)
  region size 1024K, 52 young (53248K), 1 survivors (1024K)
 Metaspace       used 76918K, committed 77760K, reserved 1179648K
  class space    used 10230K, committed 10624K, reserved 1048576K
}
Event: 59.084 GC heap after
{Heap after GC invocations=42 (full 0):
 garbage-first heap   total 101376K, used 40574K [0x0000000084e00000, 0x0000000100000000)
  region size 1024K, 1 young (1024K), 1 survivors (1024K)
 Metaspace       used 76918K, committed 77760K, reserved 1179648K
  class space    used 10230K, committed 10624K, reserved 1048576K
}
Event: 62.862 GC heap before
{Heap before GC invocations=43 (full 0):
 garbage-first heap   total 101376K, used 92798K [0x0000000084e00000, 0x0000000100000000)
  region size 1024K, 52 young (53248K), 1 survivors (1024K)
 Metaspace       used 76919K, committed 77760K, reserved 1179648K
  class space    used 10230K, committed 10624K, reserved 1048576K
}
Event: 62.864 GC heap after
{Heap after GC invocations=44 (full 0):
 garbage-first heap   total 101376K, used 40589K [0x0000000084e00000, 0x0000000100000000)
  region size 1024K, 1 young (1024K), 1 survivors (1024K)
 Metaspace       used 76919K, committed 77760K, reserved 1179648K
  class space    used 10230K, committed 10624K, reserved 1048576K
}
Event: 63.889 GC heap before
{Heap before GC invocations=44 (full 0):
 garbage-first heap   total 101376K, used 92813K [0x0000000084e00000, 0x0000000100000000)
  region size 1024K, 52 young (53248K), 1 survivors (1024K)
 Metaspace       used 76919K, committed 77760K, reserved 1179648K
  class space    used 10230K, committed 10624K, reserved 1048576K
}
Event: 63.893 GC heap after
{Heap after GC invocations=45 (full 0):
 garbage-first heap   total 101376K, used 40463K [0x0000000084e00000, 0x0000000100000000)
  region size 1024K, 1 young (1024K), 1 survivors (1024K)
 Metaspace       used 76919K, committed 77760K, reserved 1179648K
  class space    used 10230K, committed 10624K, reserved 1048576K
}
Event: 65.699 GC heap before
{Heap before GC invocations=45 (full 0):
 garbage-first heap   total 101376K, used 92687K [0x0000000084e00000, 0x0000000100000000)
  region size 1024K, 52 young (53248K), 1 survivors (1024K)
 Metaspace       used 76920K, committed 77760K, reserved 1179648K
  class space    used 10230K, committed 10624K, reserved 1048576K
}
Event: 65.703 GC heap after
{Heap after GC invocations=46 (full 0):
 garbage-first heap   total 101376K, used 40560K [0x0000000084e00000, 0x0000000100000000)
  region size 1024K, 1 young (1024K), 1 survivors (1024K)
 Metaspace       used 76920K, committed 77760K, reserved 1179648K
  class space    used 10230K, committed 10624K, reserved 1048576K
}
Event: 71.638 GC heap before
{Heap before GC invocations=47 (full 0):
 garbage-first heap   total 101376K, used 92784K [0x0000000084e00000, 0x0000000100000000)
  region size 1024K, 52 young (53248K), 1 survivors (1024K)
 Metaspace       used 76927K, committed 77760K, reserved 1179648K
  class space    used 10230K, committed 10624K, reserved 1048576K
}
Event: 71.640 GC heap after
{Heap after GC invocations=48 (full 0):
 garbage-first heap   total 101376K, used 40528K [0x0000000084e00000, 0x0000000100000000)
  region size 1024K, 1 young (1024K), 1 survivors (1024K)
 Metaspace       used 76927K, committed 77760K, reserved 1179648K
  class space    used 10230K, committed 10624K, reserved 1048576K
}

