# JRE version: OpenJDK Runtime Environment (21.0.1+12) (build 21.0.1+12-29)
# Java VM: OpenJDK 64-Bit Server VM (21.0.1+12-29, mixed mode, sharing, tiered, compressed oops, compressed class ptrs, g1 gc, windows-amd64)
GC Precious Log:
 CardTable entry size: 512
 Card Set container configuration: InlinePtr #cards 5 size 8 Array Of Cards #cards 12 size 40 Howl #buckets 4 coarsen threshold 1843 Howl Bitmap #cards 512 size 80 coarsen threshold 460 Card regions per heap region 1 cards per card region 2048
 CPUs: 8 total, 8 available
 Memory: 7873M
 Large Page Support: Disabled
 NUMA Support: Disabled
 Compressed Oops: Enabled (32-bit)
 Heap Region Size: 1M
 Heap Min Capacity: 8M
 Heap Initial Capacity: 124M
 Heap Max Capacity: 1970M
 Pre-touch: Disabled
 Parallel Workers: 8
 Concurrent Workers: 2
 Concurrent Refinement Workers: 8
 Periodic GC: Disabled
Heap:
 garbage-first heap   total 75776K, used 65221K [0x0000000084e00000, 0x0000000100000000)
  region size 1024K, 26 young (26624K), 1 survivors (1024K)
 Metaspace       used 77492K, committed 78272K, reserved 1179648K
  class space    used 10207K, committed 10560K, reserved 1048576K
GC Heap History (20 events):
Event: 514.875 GC heap before
{Heap before GC invocations=211 (full 0):
 garbage-first heap   total 75776K, used 68262K [0x0000000084e00000, 0x0000000100000000)
  region size 1024K, 28 young (28672K), 1 survivors (1024K)
 Metaspace       used 77291K, committed 78144K, reserved 1179648K
  class space    used 10178K, committed 10560K, reserved 1048576K
}
Event: 514.876 GC heap after
{Heap after GC invocations=212 (full 0):
 garbage-first heap   total 75776K, used 40639K [0x0000000084e00000, 0x0000000100000000)
  region size 1024K, 1 young (1024K), 1 survivors (1024K)
 Metaspace       used 77291K, committed 78144K, reserved 1179648K
  class space    used 10178K, committed 10560K, reserved 1048576K
}
Event: 516.484 GC heap before
{Heap before GC invocations=212 (full 0):
 garbage-first heap   total 75776K, used 68287K [0x0000000084e00000, 0x0000000100000000)
  region size 1024K, 28 young (28672K), 1 survivors (1024K)
 Metaspace       used 77291K, committed 78144K, reserved 1179648K
  class space    used 10178K, committed 10560K, reserved 1048576K
}
Event: 516.486 GC heap after
{Heap after GC invocations=213 (full 0):
 garbage-first heap   total 75776K, used 40637K [0x0000000084e00000, 0x0000000100000000)
  region size 1024K, 1 young (1024K), 1 survivors (1024K)
 Metaspace       used 77291K, committed 78144K, reserved 1179648K
  class space    used 10178K, committed 10560K, reserved 1048576K
}
Event: 518.253 GC heap before
{Heap before GC invocations=214 (full 0):
 garbage-first heap   total 75776K, used 68285K [0x0000000084e00000, 0x0000000100000000)
  region size 1024K, 28 young (28672K), 1 survivors (1024K)
 Metaspace       used 77291K, committed 78144K, reserved 1179648K
  class space    used 10178K, committed 10560K, reserved 1048576K
}
Event: 518.254 GC heap after
{Heap after GC invocations=215 (full 0):
 garbage-first heap   total 75776K, used 40644K [0x0000000084e00000, 0x0000000100000000)
  region size 1024K, 1 young (1024K), 1 survivors (1024K)
 Metaspace       used 77291K, committed 78144K, reserved 1179648K
  class space    used 10178K, committed 10560K, reserved 1048576K
}
Event: 519.765 GC heap before
{Heap before GC invocations=215 (full 0):
 garbage-first heap   total 75776K, used 68292K [0x0000000084e00000, 0x0000000100000000)
  region size 1024K, 28 young (28672K), 1 survivors (1024K)
 Metaspace       used 77292K, committed 78144K, reserved 1179648K
  class space    used 10178K, committed 10560K, reserved 1048576K
}
Event: 519.767 GC heap after
{Heap after GC invocations=216 (full 0):
 garbage-first heap   total 75776K, used 40637K [0x0000000084e00000, 0x0000000100000000)
  region size 1024K, 1 young (1024K), 1 survivors (1024K)
 Metaspace       used 77292K, committed 78144K, reserved 1179648K
  class space    used 10178K, committed 10560K, reserved 1048576K
}
Event: 521.328 GC heap before
{Heap before GC invocations=217 (full 0):
 garbage-first heap   total 75776K, used 68285K [0x0000000084e00000, 0x0000000100000000)
  region size 1024K, 28 young (28672K), 1 survivors (1024K)
 Metaspace       used 77292K, committed 78144K, reserved 1179648K
  class space    used 10178K, committed 10560K, reserved 1048576K
}
Event: 521.329 GC heap after
{Heap after GC invocations=218 (full 0):
 garbage-first heap   total 75776K, used 40636K [0x0000000084e00000, 0x0000000100000000)
  region size 1024K, 1 young (1024K), 1 survivors (1024K)
 Metaspace       used 77292K, committed 78144K, reserved 1179648K
  class space    used 10178K, committed 10560K, reserved 1048576K
}
Event: 522.917 GC heap before
{Heap before GC invocations=218 (full 0):
 garbage-first heap   total 75776K, used 68284K [0x0000000084e00000, 0x0000000100000000)
  region size 1024K, 28 young (28672K), 1 survivors (1024K)
 Metaspace       used 77292K, committed 78144K, reserved 1179648K
  class space    used 10178K, committed 10560K, reserved 1048576K
}
Event: 522.919 GC heap after
{Heap after GC invocations=219 (full 0):
 garbage-first heap   total 75776K, used 40622K [0x0000000084e00000, 0x0000000100000000)
  region size 1024K, 1 young (1024K), 1 survivors (1024K)
 Metaspace       used 77292K, committed 78144K, reserved 1179648K
  class space    used 10178K, committed 10560K, reserved 1048576K
}
Event: 524.615 GC heap before
{Heap before GC invocations=220 (full 0):
 garbage-first heap   total 75776K, used 68270K [0x0000000084e00000, 0x0000000100000000)
  region size 1024K, 28 young (28672K), 1 survivors (1024K)
 Metaspace       used 77292K, committed 78144K, reserved 1179648K
  class space    used 10178K, committed 10560K, reserved 1048576K
}
Event: 524.616 GC heap after
{Heap after GC invocations=221 (full 0):
 garbage-first heap   total 75776K, used 40630K [0x0000000084e00000, 0x0000000100000000)
  region size 1024K, 1 young (1024K), 1 survivors (1024K)
 Metaspace       used 77292K, committed 78144K, reserved 1179648K
  class space    used 10178K, committed 10560K, reserved 1048576K
}
Event: 526.199 GC heap before
{Heap before GC invocations=221 (full 0):
 garbage-first heap   total 75776K, used 68278K [0x0000000084e00000, 0x0000000100000000)
  region size 1024K, 28 young (28672K), 1 survivors (1024K)
 Metaspace       used 77292K, committed 78144K, reserved 1179648K
  class space    used 10178K, committed 10560K, reserved 1048576K
}
Event: 526.200 GC heap after
{Heap after GC invocations=222 (full 0):
 garbage-first heap   total 75776K, used 40653K [0x0000000084e00000, 0x0000000100000000)
  region size 1024K, 1 young (1024K), 1 survivors (1024K)
 Metaspace       used 77292K, committed 78144K, reserved 1179648K
  class space    used 10178K, committed 10560K, reserved 1048576K
}
Event: 527.819 GC heap before
{Heap before GC invocations=223 (full 0):
 garbage-first heap   total 75776K, used 68301K [0x0000000084e00000, 0x0000000100000000)
  region size 1024K, 28 young (28672K), 1 survivors (1024K)
 Metaspace       used 77292K, committed 78144K, reserved 1179648K
  class space    used 10178K, committed 10560K, reserved 1048576K
}
Event: 527.820 GC heap after
{Heap after GC invocations=224 (full 0):
 garbage-first heap   total 75776K, used 40633K [0x0000000084e00000, 0x0000000100000000)
  region size 1024K, 1 young (1024K), 1 survivors (1024K)
 Metaspace       used 77292K, committed 78144K, reserved 1179648K
  class space    used 10178K, committed 10560K, reserved 1048576K
}
Event: 529.384 GC heap before
{Heap before GC invocations=224 (full 0):
 garbage-first heap   total 75776K, used 68281K [0x0000000084e00000, 0x0000000100000000)
  region size 1024K, 28 young (28672K), 1 survivors (1024K)
 Metaspace       used 77292K, committed 78144K, reserved 1179648K
  class space    used 10178K, committed 10560K, reserved 1048576K
}
Event: 529.385 GC heap after
{Heap after GC invocations=225 (full 0):
 garbage-first heap   total 75776K, used 40645K [0x0000000084e00000, 0x0000000100000000)
  region size 1024K, 1 young (1024K), 1 survivors (1024K)
 Metaspace       used 77292K, committed 78144K, reserved 1179648K
  class space    used 10178K, committed 10560K, reserved 1048576K
}

